Building DAG of jobs...
Using shell: /bin/bash
Provided cores: 1 (use --cores to define parallelism)
Rules claiming more threads will be scaled down.
Job counts:
	count	jobs
	1	all
	1	export
	1	refine
	1	traits
	1	tree
	5
Select jobs to execute...

[Tue Mar 30 19:13:41 2021]
rule tree:
    input: data/core_gene_alignment.fasta
    output: results/tree_raw.nwk
    jobid: 3

[Tue Mar 30 19:26:28 2021]
Finished job 3.
1 of 5 steps (20%) done
Select jobs to execute...

[Tue Mar 30 19:26:28 2021]
rule refine:
    input: results/tree_raw.nwk, data/core_gene_alignment.fasta, data/ecozur_260_meta.tsv
    output: results/tree.nwk, results/branch_lengths.json
    jobid: 2

[Tue Mar 30 20:27:19 2021]
Finished job 2.
2 of 5 steps (40%) done
Select jobs to execute...

[Tue Mar 30 20:27:20 2021]
rule traits:
    input: results/tree.nwk, data/ecozur_260_meta.tsv
    output: results/traits.json
    jobid: 4

[Tue Mar 30 20:27:26 2021]
Finished job 4.
3 of 5 steps (60%) done
Select jobs to execute...

[Tue Mar 30 20:27:26 2021]
rule export:
    input: results/tree.nwk, data/ecozur_260_meta.tsv, results/branch_lengths.json, results/traits.json, config/colors.tsv, config/auspice_config.json, config/latlon.tsv
    output: auspice/ecozur-roary.json
    jobid: 1

[Tue Mar 30 20:27:27 2021]
Finished job 1.
4 of 5 steps (80%) done
Select jobs to execute...

[Tue Mar 30 20:27:27 2021]
localrule all:
    input: auspice/ecozur-roary.json
    jobid: 0

[Tue Mar 30 20:27:27 2021]
Finished job 0.
5 of 5 steps (100%) done
Complete log: /Users/andyrothstein/EcoMID/ecozur-roary/.snakemake/log/2021-03-30T191340.828352.snakemake.log
