Building DAG of jobs...
Using shell: /bin/bash
Provided cores: 1 (use --cores to define parallelism)
Rules claiming more threads will be scaled down.
Job counts:
	count	jobs
	1	all
	1	export
	1	refine
	1	traits
	1	tree
	5
Select jobs to execute...

[Tue Mar 30 19:06:02 2021]
rule tree:
    input: data/core_gene_alignment.aln.fa
    output: results/tree_raw.nwk
    jobid: 3

[Tue Mar 30 19:06:04 2021]
Error in rule tree:
    jobid: 3
    output: results/tree_raw.nwk
    shell:
        
        augur tree --alignment data/core_gene_alignment.aln.fa             --method iqtree             --substitution-model GTR             --output results/tree_raw.nwk
        
        (one of the commands exited with non-zero exit code; note that snakemake uses bash strict mode!)

Shutting down, this might take some time.
Exiting because a job execution failed. Look above for error message
Complete log: /Users/andyrothstein/EcoMID/ecozur-roary/.snakemake/log/2021-03-30T190602.202272.snakemake.log
