Building DAG of jobs...
Using shell: /bin/bash
Provided cores: 1 (use --cores to define parallelism)
Rules claiming more threads will be scaled down.
Job counts:
	count	jobs
	1	all
	1	export
	1	refine
	1	traits
	4
Select jobs to execute...

[Thu Apr  8 15:35:37 2021]
rule refine:
    input: results/tree_raw.nwk, data/core_gene_alignment.fasta, data/ecozur_260_meta.tsv
    output: results/tree.nwk, results/branch_lengths.json
    jobid: 2

[Thu Apr  8 16:36:29 2021]
Finished job 2.
1 of 4 steps (25%) done
Select jobs to execute...

[Thu Apr  8 16:36:31 2021]
rule traits:
    input: results/tree.nwk, data/ecozur_260_meta.tsv
    output: results/traits.json
    jobid: 4

[Thu Apr  8 16:36:37 2021]
Finished job 4.
2 of 4 steps (50%) done
Select jobs to execute...

[Thu Apr  8 16:36:37 2021]
rule export:
    input: results/tree.nwk, data/ecozur_260_meta.tsv, results/branch_lengths.json, results/traits.json, config/colors.tsv, config/auspice_config.json, config/latlon.tsv
    output: auspice/ecozur-roary.json
    jobid: 1

[Thu Apr  8 16:36:38 2021]
Finished job 1.
3 of 4 steps (75%) done
Select jobs to execute...

[Thu Apr  8 16:36:38 2021]
localrule all:
    input: auspice/ecozur-roary.json
    jobid: 0

[Thu Apr  8 16:36:38 2021]
Finished job 0.
4 of 4 steps (100%) done
Complete log: /Users/andyrothstein/EcoMID/ecozur-roary/.snakemake/log/2021-04-08T153536.974672.snakemake.log
